# JRE version: Java(TM) SE Runtime Environment (7.0_55-b13) (build 1.7.0_55-b13)
# Java VM: Java HotSpot(TM) 64-Bit Server VM (24.55-b03 mixed mode windows-amd64 compressed oops)
Heap
 PSYoungGen      total 242176K, used 62565K [0x00000000e0b00000, 0x00000000fb200000, 0x0000000100000000)
  eden space 207872K, 13% used [0x00000000e0b00000,0x00000000e26cc4f8,0x00000000ed600000)
  from space 34304K, 99% used [0x00000000f7d00000,0x00000000f9e4d040,0x00000000f9e80000)
  to   space 19968K, 0% used [0x00000000f9e80000,0x00000000f9e80000,0x00000000fb200000)
 ParOldGen       total 145920K, used 106295K [0x00000000a2200000, 0x00000000ab080000, 0x00000000e0b00000)
  object space 145920K, 72% used [0x00000000a2200000,0x00000000a89cdea8,0x00000000ab080000)
 PSPermGen       total 38912K, used 20565K [0x000000009d000000, 0x000000009f600000, 0x00000000a2200000)
  object space 38912K, 52% used [0x000000009d000000,0x000000009e4155c8,0x000000009f600000)
GC Heap History (10 events):
Event: 75.021 GC heap before
{Heap before GC invocations=37 (full 1):
 PSYoungGen      total 260096K, used 259785K [0x00000000e0b00000, 0x00000000fd700000, 0x0000000100000000)
  eden space 249344K, 100% used [0x00000000e0b00000,0x00000000efe80000,0x00000000efe80000)
  from space 10752K, 97% used [0x00000000fb700000,0x00000000fc1326f8,0x00000000fc180000)
  to   space 20992K, 0% used [0x00000000fc280000,0x00000000fc280000,0x00000000fd700000)
 ParOldGen       total 102400K, used 57586K [0x00000000a2200000, 0x00000000a8600000, 0x00000000e0b00000)
  object space 102400K, 56% used [0x00000000a2200000,0x00000000a5a3c820,0x00000000a8600000)
 PSPermGen       total 34304K, used 17291K [0x000000009d000000, 0x000000009f180000, 0x00000000a2200000)
  object space 34304K, 50% used [0x000000009d000000,0x000000009e0e2cd0,0x000000009f180000)
Event: 75.029 GC heap after
Heap after GC invocations=37 (full 1):
 PSYoungGen      total 249856K, used 11528K [0x00000000e0b00000, 0x00000000fce00000, 0x0000000100000000)
  eden space 238080K, 0% used [0x00000000e0b00000,0x00000000e0b00000,0x00000000ef380000)
  from space 11776K, 97% used [0x00000000fc280000,0x00000000fcdc22c8,0x00000000fce00000)
  to   space 20992K, 0% used [0x00000000fa500000,0x00000000fa500000,0x00000000fb980000)
 ParOldGen       total 102400K, used 57586K [0x00000000a2200000, 0x00000000a8600000, 0x00000000e0b00000)
  object space 102400K, 56% used [0x00000000a2200000,0x00000000a5a3c820,0x00000000a8600000)
 PSPermGen       total 34304K, used 17291K [0x000000009d000000, 0x000000009f180000, 0x00000000a2200000)
  object space 34304K, 50% used [0x000000009d000000,0x000000009e0e2cd0,0x000000009f180000)
}
Event: 79.697 GC heap before
{Heap before GC invocations=38 (full 1):
 PSYoungGen      total 249856K, used 249608K [0x00000000e0b00000, 0x00000000fce00000, 0x0000000100000000)
  eden space 238080K, 100% used [0x00000000e0b00000,0x00000000ef380000,0x00000000ef380000)
  from space 11776K, 97% used [0x00000000fc280000,0x00000000fcdc22c8,0x00000000fce00000)
  to   space 20992K, 0% used [0x00000000fa500000,0x00000000fa500000,0x00000000fb980000)
 ParOldGen       total 102400K, used 57586K [0x00000000a2200000, 0x00000000a8600000, 0x00000000e0b00000)
  object space 102400K, 56% used [0x00000000a2200000,0x00000000a5a3c820,0x00000000a8600000)
 PSPermGen       total 34304K, used 17313K [0x000000009d000000, 0x000000009f180000, 0x00000000a2200000)
  object space 34304K, 50% used [0x000000009d000000,0x000000009e0e8768,0x000000009f180000)
Event: 79.711 GC heap after
Heap after GC invocations=38 (full 1):
 PSYoungGen      total 240128K, used 12506K [0x00000000e0b00000, 0x00000000fc300000, 0x0000000100000000)
  eden space 227328K, 0% used [0x00000000e0b00000,0x00000000e0b00000,0x00000000ee900000)
  from space 12800K, 97% used [0x00000000fa500000,0x00000000fb136910,0x00000000fb180000)
  to   space 17920K, 0% used [0x00000000fb180000,0x00000000fb180000,0x00000000fc300000)
 ParOldGen       total 102400K, used 57586K [0x00000000a2200000, 0x00000000a8600000, 0x00000000e0b00000)
  object space 102400K, 56% used [0x00000000a2200000,0x00000000a5a3c820,0x00000000a8600000)
 PSPermGen       total 34304K, used 17313K [0x000000009d000000, 0x000000009f180000, 0x00000000a2200000)
  object space 34304K, 50% used [0x000000009d000000,0x000000009e0e8768,0x000000009f180000)
}
Event: 84.179 GC heap before
{Heap before GC invocations=39 (full 1):
 PSYoungGen      total 240128K, used 239834K [0x00000000e0b00000, 0x00000000fc300000, 0x0000000100000000)
  eden space 227328K, 100% used [0x00000000e0b00000,0x00000000ee900000,0x00000000ee900000)
  from space 12800K, 97% used [0x00000000fa500000,0x00000000fb136910,0x00000000fb180000)
  to   space 17920K, 0% used [0x00000000fb180000,0x00000000fb180000,0x00000000fc300000)
 ParOldGen       total 102400K, used 57586K [0x00000000a2200000, 0x00000000a8600000, 0x00000000e0b00000)
  object space 102400K, 56% used [0x00000000a2200000,0x00000000a5a3c820,0x00000000a8600000)
 PSPermGen       total 34304K, used 17527K [0x000000009d000000, 0x000000009f180000, 0x00000000a2200000)
  object space 34304K, 51% used [0x000000009d000000,0x000000009e11dfb8,0x000000009f180000)
Event: 84.203 GC heap after
Heap after GC invocations=39 (full 1):
 PSYoungGen      total 235520K, used 17897K [0x00000000e0b00000, 0x00000000fc300000, 0x0000000100000000)
  eden space 217600K, 0% used [0x00000000e0b00000,0x00000000e0b00000,0x00000000edf80000)
  from space 17920K, 99% used [0x00000000fb180000,0x00000000fc2fa718,0x00000000fc300000)
  to   space 35840K, 0% used [0x00000000f7d00000,0x00000000f7d00000,0x00000000fa000000)
 ParOldGen       total 102400K, used 90391K [0x00000000a2200000, 0x00000000a8600000, 0x00000000e0b00000)
  object space 102400K, 88% used [0x00000000a2200000,0x00000000a7a45cd8,0x00000000a8600000)
 PSPermGen       total 34304K, used 17527K [0x000000009d000000, 0x000000009f180000, 0x00000000a2200000)
  object space 34304K, 51% used [0x000000009d000000,0x000000009e11dfb8,0x000000009f180000)
}
Event: 84.203 GC heap before
{Heap before GC invocations=40 (full 2):
 PSYoungGen      total 235520K, used 17897K [0x00000000e0b00000, 0x00000000fc300000, 0x0000000100000000)
  eden space 217600K, 0% used [0x00000000e0b00000,0x00000000e0b00000,0x00000000edf80000)
  from space 17920K, 99% used [0x00000000fb180000,0x00000000fc2fa718,0x00000000fc300000)
  to   space 35840K, 0% used [0x00000000f7d00000,0x00000000f7d00000,0x00000000fa000000)
 ParOldGen       total 102400K, used 90391K [0x00000000a2200000, 0x00000000a8600000, 0x00000000e0b00000)
  object space 102400K, 88% used [0x00000000a2200000,0x00000000a7a45cd8,0x00000000a8600000)
 PSPermGen       total 34304K, used 17527K [0x000000009d000000, 0x000000009f180000, 0x00000000a2200000)
  object space 34304K, 51% used [0x000000009d000000,0x000000009e11dfb8,0x000000009f180000)
Event: 84.344 GC heap after
Heap after GC invocations=40 (full 2):
 PSYoungGen      total 235520K, used 0K [0x00000000e0b00000, 0x00000000fc300000, 0x0000000100000000)
  eden space 217600K, 0% used [0x00000000e0b00000,0x00000000e0b00000,0x00000000edf80000)
  from space 17920K, 0% used [0x00000000fb180000,0x00000000fb180000,0x00000000fc300000)
  to   space 35840K, 0% used [0x00000000f7d00000,0x00000000f7d00000,0x00000000fa000000)
 ParOldGen       total 145920K, used 94007K [0x00000000a2200000, 0x00000000ab080000, 0x00000000e0b00000)
  object space 145920K, 64% used [0x00000000a2200000,0x00000000a7dcde78,0x00000000ab080000)
 PSPermGen       total 38912K, used 17484K [0x000000009d000000, 0x000000009f600000, 0x00000000a2200000)
  object space 38912K, 44% used [0x000000009d000000,0x000000009e113300,0x000000009f600000)
}
Event: 86.963 GC heap before
{Heap before GC invocations=41 (full 2):
 PSYoungGen      total 235520K, used 217600K [0x00000000e0b00000, 0x00000000fc300000, 0x0000000100000000)
  eden space 217600K, 100% used [0x00000000e0b00000,0x00000000edf80000,0x00000000edf80000)
  from space 17920K, 0% used [0x00000000fb180000,0x00000000fb180000,0x00000000fc300000)
  to   space 35840K, 0% used [0x00000000f7d00000,0x00000000f7d00000,0x00000000fa000000)
 ParOldGen       total 145920K, used 94007K [0x00000000a2200000, 0x00000000ab080000, 0x00000000e0b00000)
  object space 145920K, 64% used [0x00000000a2200000,0x00000000a7dcde78,0x00000000ab080000)
 PSPermGen       total 38912K, used 17737K [0x000000009d000000, 0x000000009f600000, 0x00000000a2200000)
  object space 38912K, 45% used [0x000000009d000000,0x000000009e152668,0x000000009f600000)
Event: 86.982 GC heap after
Heap after GC invocations=41 (full 2):
 PSYoungGen      total 242176K, used 34100K [0x00000000e0b00000, 0x00000000fb200000, 0x0000000100000000)
  eden space 207872K, 0% used [0x00000000e0b00000,0x00000000e0b00000,0x00000000ed600000)
  from space 34304K, 99% used [0x00000000f7d00000,0x00000000f9e4d040,0x00000000f9e80000)
  to   space 19968K, 0% used [0x00000000f9e80000,0x00000000f9e80000,0x00000000fb200000)
 ParOldGen       total 145920K, used 106295K [0x00000000a2200000, 0x00000000ab080000, 0x00000000e0b00000)
  object space 145920K, 72% used [0x00000000a2200000,0x00000000a89cdea8,0x00000000ab080000)
 PSPermGen       total 38912K, used 17737K [0x000000009d000000, 0x000000009f600000, 0x00000000a2200000)
  object space 38912K, 45% used [0x000000009d000000,0x000000009e152668,0x000000009f600000)
}

