# JRE version: Java(TM) SE Runtime Environment (7.0_65-b20) (build 1.7.0_65-b20)
# Java VM: Java HotSpot(TM) 64-Bit Server VM (24.65-b04 mixed mode windows-amd64 compressed oops)
Heap
 PSYoungGen      total 649216K, used 633936K [0x00000000d8480000, 0x0000000100000000, 0x0000000100000000)
  eden space 648704K, 97% used [0x00000000d8480000,0x00000000fef15c80,0x00000000ffe00000)
  from space 512K, 98% used [0x00000000fff80000,0x00000000ffffe4c0,0x0000000100000000)
  to   space 1024K, 0% used [0x00000000ffe00000,0x00000000ffe00000,0x00000000fff00000)
 ParOldGen       total 80896K, used 55881K [0x0000000088e00000, 0x000000008dd00000, 0x00000000d8480000)
  object space 80896K, 69% used [0x0000000088e00000,0x000000008c492558,0x000000008dd00000)
 PSPermGen       total 24064K, used 23897K [0x0000000083c00000, 0x0000000085380000, 0x0000000088e00000)
  object space 24064K, 99% used [0x0000000083c00000,0x0000000085356588,0x0000000085380000)
GC Heap History (10 events):
Event: 99.268 GC heap before
{Heap before GC invocations=98 (full 0):
 PSYoungGen      total 650240K, used 649760K [0x00000000d8480000, 0x0000000100000000, 0x0000000100000000)
  eden space 649728K, 100% used [0x00000000d8480000,0x00000000fff00000,0x00000000fff00000)
  from space 512K, 6% used [0x00000000fff00000,0x00000000fff08000,0x00000000fff80000)
  to   space 512K, 0% used [0x00000000fff80000,0x00000000fff80000,0x0000000100000000)
 ParOldGen       total 80896K, used 55257K [0x0000000088e00000, 0x000000008dd00000, 0x00000000d8480000)
  object space 80896K, 68% used [0x0000000088e00000,0x000000008c3f66d0,0x000000008dd00000)
 PSPermGen       total 23552K, used 23311K [0x0000000083c00000, 0x0000000085300000, 0x0000000088e00000)
  object space 23552K, 98% used [0x0000000083c00000,0x00000000852c3c30,0x0000000085300000)
Event: 99.269 GC heap after
Heap after GC invocations=98 (full 0):
 PSYoungGen      total 650240K, used 64K [0x00000000d8480000, 0x0000000100000000, 0x0000000100000000)
  eden space 649728K, 0% used [0x00000000d8480000,0x00000000d8480000,0x00000000fff00000)
  from space 512K, 12% used [0x00000000fff80000,0x00000000fff90000,0x0000000100000000)
  to   space 512K, 0% used [0x00000000fff00000,0x00000000fff00000,0x00000000fff80000)
 ParOldGen       total 80896K, used 55257K [0x0000000088e00000, 0x000000008dd00000, 0x00000000d8480000)
  object space 80896K, 68% used [0x0000000088e00000,0x000000008c3f66d0,0x000000008dd00000)
 PSPermGen       total 23552K, used 23311K [0x0000000083c00000, 0x0000000085300000, 0x0000000088e00000)
  object space 23552K, 98% used [0x0000000083c00000,0x00000000852c3c30,0x0000000085300000)
}
Event: 99.576 GC heap before
{Heap before GC invocations=99 (full 0):
 PSYoungGen      total 650240K, used 649792K [0x00000000d8480000, 0x0000000100000000, 0x0000000100000000)
  eden space 649728K, 100% used [0x00000000d8480000,0x00000000fff00000,0x00000000fff00000)
  from space 512K, 12% used [0x00000000fff80000,0x00000000fff90000,0x0000000100000000)
  to   space 512K, 0% used [0x00000000fff00000,0x00000000fff00000,0x00000000fff80000)
 ParOldGen       total 80896K, used 55257K [0x0000000088e00000, 0x000000008dd00000, 0x00000000d8480000)
  object space 80896K, 68% used [0x0000000088e00000,0x000000008c3f66d0,0x000000008dd00000)
 PSPermGen       total 23552K, used 23311K [0x0000000083c00000, 0x0000000085300000, 0x0000000088e00000)
  object space 23552K, 98% used [0x0000000083c00000,0x00000000852c3c30,0x0000000085300000)
Event: 99.600 GC heap after
Heap after GC invocations=99 (full 0):
 PSYoungGen      total 650240K, used 32K [0x00000000d8480000, 0x0000000100000000, 0x0000000100000000)
  eden space 649728K, 0% used [0x00000000d8480000,0x00000000d8480000,0x00000000fff00000)
  from space 512K, 6% used [0x00000000fff00000,0x00000000fff08000,0x00000000fff80000)
  to   space 512K, 0% used [0x00000000fff80000,0x00000000fff80000,0x0000000100000000)
 ParOldGen       total 80896K, used 55257K [0x0000000088e00000, 0x000000008dd00000, 0x00000000d8480000)
  object space 80896K, 68% used [0x0000000088e00000,0x000000008c3f66d0,0x000000008dd00000)
 PSPermGen       total 23552K, used 23311K [0x0000000083c00000, 0x0000000085300000, 0x0000000088e00000)
  object space 23552K, 98% used [0x0000000083c00000,0x00000000852c3c30,0x0000000085300000)
}
Event: 99.901 GC heap before
{Heap before GC invocations=100 (full 0):
 PSYoungGen      total 650240K, used 649760K [0x00000000d8480000, 0x0000000100000000, 0x0000000100000000)
  eden space 649728K, 100% used [0x00000000d8480000,0x00000000fff00000,0x00000000fff00000)
  from space 512K, 6% used [0x00000000fff00000,0x00000000fff08000,0x00000000fff80000)
  to   space 512K, 0% used [0x00000000fff80000,0x00000000fff80000,0x0000000100000000)
 ParOldGen       total 80896K, used 55257K [0x0000000088e00000, 0x000000008dd00000, 0x00000000d8480000)
  object space 80896K, 68% used [0x0000000088e00000,0x000000008c3f66d0,0x000000008dd00000)
 PSPermGen       total 23552K, used 23311K [0x0000000083c00000, 0x0000000085300000, 0x0000000088e00000)
  object space 23552K, 98% used [0x0000000083c00000,0x00000000852c3c30,0x0000000085300000)
Event: 99.903 GC heap after
Heap after GC invocations=100 (full 0):
 PSYoungGen      total 650240K, used 32K [0x00000000d8480000, 0x0000000100000000, 0x0000000100000000)
  eden space 649728K, 0% used [0x00000000d8480000,0x00000000d8480000,0x00000000fff00000)
  from space 512K, 6% used [0x00000000fff80000,0x00000000fff88000,0x0000000100000000)
  to   space 512K, 0% used [0x00000000fff00000,0x00000000fff00000,0x00000000fff80000)
 ParOldGen       total 80896K, used 55257K [0x0000000088e00000, 0x000000008dd00000, 0x00000000d8480000)
  object space 80896K, 68% used [0x0000000088e00000,0x000000008c3f66d0,0x000000008dd00000)
 PSPermGen       total 23552K, used 23311K [0x0000000083c00000, 0x0000000085300000, 0x0000000088e00000)
  object space 23552K, 98% used [0x0000000083c00000,0x00000000852c3c30,0x0000000085300000)
}
Event: 100.234 GC heap before
{Heap before GC invocations=101 (full 0):
 PSYoungGen      total 650240K, used 649760K [0x00000000d8480000, 0x0000000100000000, 0x0000000100000000)
  eden space 649728K, 100% used [0x00000000d8480000,0x00000000fff00000,0x00000000fff00000)
  from space 512K, 6% used [0x00000000fff80000,0x00000000fff88000,0x0000000100000000)
  to   space 512K, 0% used [0x00000000fff00000,0x00000000fff00000,0x00000000fff80000)
 ParOldGen       total 80896K, used 55257K [0x0000000088e00000, 0x000000008dd00000, 0x00000000d8480000)
  object space 80896K, 68% used [0x0000000088e00000,0x000000008c3f66d0,0x000000008dd00000)
 PSPermGen       total 23552K, used 23311K [0x0000000083c00000, 0x0000000085300000, 0x0000000088e00000)
  object space 23552K, 98% used [0x0000000083c00000,0x00000000852c3c30,0x0000000085300000)
Event: 100.235 GC heap after
Heap after GC invocations=101 (full 0):
 PSYoungGen      total 650240K, used 96K [0x00000000d8480000, 0x0000000100000000, 0x0000000100000000)
  eden space 649728K, 0% used [0x00000000d8480000,0x00000000d8480000,0x00000000fff00000)
  from space 512K, 18% used [0x00000000fff00000,0x00000000fff18000,0x00000000fff80000)
  to   space 512K, 0% used [0x00000000fff80000,0x00000000fff80000,0x0000000100000000)
 ParOldGen       total 80896K, used 55257K [0x0000000088e00000, 0x000000008dd00000, 0x00000000d8480000)
  object space 80896K, 68% used [0x0000000088e00000,0x000000008c3f66d0,0x000000008dd00000)
 PSPermGen       total 23552K, used 23311K [0x0000000083c00000, 0x0000000085300000, 0x0000000088e00000)
  object space 23552K, 98% used [0x0000000083c00000,0x00000000852c3c30,0x0000000085300000)
}
Event: 180.044 GC heap before
{Heap before GC invocations=102 (full 0):
 PSYoungGen      total 650240K, used 649824K [0x00000000d8480000, 0x0000000100000000, 0x0000000100000000)
  eden space 649728K, 100% used [0x00000000d8480000,0x00000000fff00000,0x00000000fff00000)
  from space 512K, 18% used [0x00000000fff00000,0x00000000fff18000,0x00000000fff80000)
  to   space 512K, 0% used [0x00000000fff80000,0x00000000fff80000,0x0000000100000000)
 ParOldGen       total 80896K, used 55257K [0x0000000088e00000, 0x000000008dd00000, 0x00000000d8480000)
  object space 80896K, 68% used [0x0000000088e00000,0x000000008c3f66d0,0x000000008dd00000)
 PSPermGen       total 24064K, used 23736K [0x0000000083c00000, 0x0000000085380000, 0x0000000088e00000)
  object space 24064K, 98% used [0x0000000083c00000,0x000000008532e0d8,0x0000000085380000)
Event: 180.047 GC heap after
Heap after GC invocations=102 (full 0):
 PSYoungGen      total 649216K, used 505K [0x00000000d8480000, 0x0000000100000000, 0x0000000100000000)
  eden space 648704K, 0% used [0x00000000d8480000,0x00000000d8480000,0x00000000ffe00000)
  from space 512K, 98% used [0x00000000fff80000,0x00000000ffffe4c0,0x0000000100000000)
  to   space 1024K, 0% used [0x00000000ffe00000,0x00000000ffe00000,0x00000000fff00000)
 ParOldGen       total 80896K, used 55881K [0x0000000088e00000, 0x000000008dd00000, 0x00000000d8480000)
  object space 80896K, 69% used [0x0000000088e00000,0x000000008c492558,0x000000008dd00000)
 PSPermGen       total 24064K, used 23736K [0x0000000083c00000, 0x0000000085380000, 0x0000000088e00000)
  object space 24064K, 98% used [0x0000000083c00000,0x000000008532e0d8,0x0000000085380000)
}

