# JRE version: 7.0_21-b11
# Java VM: Java HotSpot(TM) Client VM (23.21-b01 mixed mode windows-x86 )
Heap
 def new generation   total 4928K, used 906K [0x04410000, 0x04960000, 0x09960000)
  eden space 4416K,  15% used [0x04410000, 0x044bab88, 0x04860000)
  from space 512K,  43% used [0x048e0000, 0x04917e50, 0x04960000)
  to   space 512K,   0% used [0x04860000, 0x04860000, 0x048e0000)
 tenured generation   total 10944K, used 1384K [0x09960000, 0x0a410000, 0x14410000)
   the space 10944K,  12% used [0x09960000, 0x09aba190, 0x09aba200, 0x0a410000)
 compacting perm gen  total 12288K, used 3970K [0x14410000, 0x15010000, 0x18410000)
   the space 12288K,  32% used [0x14410000, 0x147f09c8, 0x147f0a00, 0x15010000)
GC Heap History (10 events):
Event: 0.473 GC heap before
{Heap before GC invocations=22 (full 0):
 def new generation   total 4928K, used 4654K [0x04410000, 0x04960000, 0x09960000)
  eden space 4416K, 100% used [0x04410000, 0x04860000, 0x04860000)
  from space 512K,  46% used [0x04860000, 0x0489ba98, 0x048e0000)
  to   space 512K,   0% used [0x048e0000, 0x048e0000, 0x04960000)
 tenured generation   total 10944K, used 1286K [0x09960000, 0x0a410000, 0x14410000)
   the space 10944K,  11% used [0x09960000, 0x09aa1938, 0x09aa1a00, 0x0a410000)
 compacting perm gen  total 12288K, used 3899K [0x14410000, 0x15010000, 0x18410000)
   the space 12288K,  31% used [0x14410000, 0x147dee80, 0x147df000, 0x15010000)
No shared spaces configured.
Event: 0.474 GC heap after
Heap after GC invocations=23 (full 0):
 def new generation   total 4928K, used 225K [0x04410000, 0x04960000, 0x09960000)
  eden space 4416K,   0% used [0x04410000, 0x04410000, 0x04860000)
  from space 512K,  44% used [0x048e0000, 0x049185a8, 0x04960000)
  to   space 512K,   0% used [0x04860000, 0x04860000, 0x048e0000)
 tenured generation   total 10944K, used 1306K [0x09960000, 0x0a410000, 0x14410000)
   the space 10944K,  11% used [0x09960000, 0x09aa6888, 0x09aa6a00, 0x0a410000)
 compacting perm gen  total 12288K, used 3899K [0x14410000, 0x15010000, 0x18410000)
   the space 12288K,  31% used [0x14410000, 0x147dee80, 0x147df000, 0x15010000)
No shared spaces configured.
}
Event: 0.477 GC heap before
{Heap before GC invocations=23 (full 0):
 def new generation   total 4928K, used 4641K [0x04410000, 0x04960000, 0x09960000)
  eden space 4416K, 100% used [0x04410000, 0x04860000, 0x04860000)
  from space 512K,  44% used [0x048e0000, 0x049185a8, 0x04960000)
  to   space 512K,   0% used [0x04860000, 0x04860000, 0x048e0000)
 tenured generation   total 10944K, used 1306K [0x09960000, 0x0a410000, 0x14410000)
   the space 10944K,  11% used [0x09960000, 0x09aa6888, 0x09aa6a00, 0x0a410000)
 compacting perm gen  total 12288K, used 3899K [0x14410000, 0x15010000, 0x18410000)
   the space 12288K,  31% used [0x14410000, 0x147dee80, 0x147df000, 0x15010000)
No shared spaces configured.
Event: 0.478 GC heap after
Heap after GC invocations=24 (full 0):
 def new generation   total 4928K, used 218K [0x04410000, 0x04960000, 0x09960000)
  eden space 4416K,   0% used [0x04410000, 0x04410000, 0x04860000)
  from space 512K,  42% used [0x04860000, 0x04896960, 0x048e0000)
  to   space 512K,   0% used [0x048e0000, 0x048e0000, 0x04960000)
 tenured generation   total 10944K, used 1323K [0x09960000, 0x0a410000, 0x14410000)
   the space 10944K,  12% used [0x09960000, 0x09aaae48, 0x09aab000, 0x0a410000)
 compacting perm gen  total 12288K, used 3899K [0x14410000, 0x15010000, 0x18410000)
   the space 12288K,  31% used [0x14410000, 0x147dee80, 0x147df000, 0x15010000)
No shared spaces configured.
}
Event: 0.482 GC heap before
{Heap before GC invocations=24 (full 0):
 def new generation   total 4928K, used 4634K [0x04410000, 0x04960000, 0x09960000)
  eden space 4416K, 100% used [0x04410000, 0x04860000, 0x04860000)
  from space 512K,  42% used [0x04860000, 0x04896960, 0x048e0000)
  to   space 512K,   0% used [0x048e0000, 0x048e0000, 0x04960000)
 tenured generation   total 10944K, used 1323K [0x09960000, 0x0a410000, 0x14410000)
   the space 10944K,  12% used [0x09960000, 0x09aaae48, 0x09aab000, 0x0a410000)
 compacting perm gen  total 12288K, used 3899K [0x14410000, 0x15010000, 0x18410000)
   the space 12288K,  31% used [0x14410000, 0x147dee80, 0x147df000, 0x15010000)
No shared spaces configured.
Event: 0.483 GC heap after
Heap after GC invocations=25 (full 0):
 def new generation   total 4928K, used 215K [0x04410000, 0x04960000, 0x09960000)
  eden space 4416K,   0% used [0x04410000, 0x04410000, 0x04860000)
  from space 512K,  42% used [0x048e0000, 0x04915cb8, 0x04960000)
  to   space 512K,   0% used [0x04860000, 0x04860000, 0x048e0000)
 tenured generation   total 10944K, used 1340K [0x09960000, 0x0a410000, 0x14410000)
   the space 10944K,  12% used [0x09960000, 0x09aaf030, 0x09aaf200, 0x0a410000)
 compacting perm gen  total 12288K, used 3899K [0x14410000, 0x15010000, 0x18410000)
   the space 12288K,  31% used [0x14410000, 0x147dee80, 0x147df000, 0x15010000)
No shared spaces configured.
}
Event: 0.487 GC heap before
{Heap before GC invocations=25 (full 0):
 def new generation   total 4928K, used 4631K [0x04410000, 0x04960000, 0x09960000)
  eden space 4416K, 100% used [0x04410000, 0x04860000, 0x04860000)
  from space 512K,  42% used [0x048e0000, 0x04915cb8, 0x04960000)
  to   space 512K,   0% used [0x04860000, 0x04860000, 0x048e0000)
 tenured generation   total 10944K, used 1340K [0x09960000, 0x0a410000, 0x14410000)
   the space 10944K,  12% used [0x09960000, 0x09aaf030, 0x09aaf200, 0x0a410000)
 compacting perm gen  total 12288K, used 3899K [0x14410000, 0x15010000, 0x18410000)
   the space 12288K,  31% used [0x14410000, 0x147dee80, 0x147df000, 0x15010000)
No shared spaces configured.
Event: 0.487 GC heap after
Heap after GC invocations=26 (full 0):
 def new generation   total 4928K, used 203K [0x04410000, 0x04960000, 0x09960000)
  eden space 4416K,   0% used [0x04410000, 0x04410000, 0x04860000)
  from space 512K,  39% used [0x04860000, 0x04892f78, 0x048e0000)
  to   space 512K,   0% used [0x048e0000, 0x048e0000, 0x04960000)
 tenured generation   total 10944K, used 1365K [0x09960000, 0x0a410000, 0x14410000)
   the space 10944K,  12% used [0x09960000, 0x09ab54f0, 0x09ab5600, 0x0a410000)
 compacting perm gen  total 12288K, used 3899K [0x14410000, 0x15010000, 0x18410000)
   the space 12288K,  31% used [0x14410000, 0x147dee80, 0x147df000, 0x15010000)
No shared spaces configured.
}
Event: 62.041 GC heap before
{Heap before GC invocations=26 (full 0):
 def new generation   total 4928K, used 4619K [0x04410000, 0x04960000, 0x09960000)
  eden space 4416K, 100% used [0x04410000, 0x04860000, 0x04860000)
  from space 512K,  39% used [0x04860000, 0x04892f78, 0x048e0000)
  to   space 512K,   0% used [0x048e0000, 0x048e0000, 0x04960000)
 tenured generation   total 10944K, used 1365K [0x09960000, 0x0a410000, 0x14410000)
   the space 10944K,  12% used [0x09960000, 0x09ab54f0, 0x09ab5600, 0x0a410000)
 compacting perm gen  total 12288K, used 3930K [0x14410000, 0x15010000, 0x18410000)
   the space 12288K,  31% used [0x14410000, 0x147e6800, 0x147e6800, 0x15010000)
No shared spaces configured.
Event: 62.042 GC heap after
Heap after GC invocations=27 (full 0):
 def new generation   total 4928K, used 223K [0x04410000, 0x04960000, 0x09960000)
  eden space 4416K,   0% used [0x04410000, 0x04410000, 0x04860000)
  from space 512K,  43% used [0x048e0000, 0x04917e50, 0x04960000)
  to   space 512K,   0% used [0x04860000, 0x04860000, 0x048e0000)
 tenured generation   total 10944K, used 1384K [0x09960000, 0x0a410000, 0x14410000)
   the space 10944K,  12% used [0x09960000, 0x09aba190, 0x09aba200, 0x0a410000)
 compacting perm gen  total 12288K, used 3930K [0x14410000, 0x15010000, 0x18410000)
   the space 12288K,  31% used [0x14410000, 0x147e6800, 0x147e6800, 0x15010000)
No shared spaces configured.
}

