# JRE version: 7.0_21-b11
# Java VM: Java HotSpot(TM) Client VM (23.21-b01 mixed mode windows-x86 )
Heap
 def new generation   total 4928K, used 2833K [0x04420000, 0x04970000, 0x09970000)
  eden space 4416K,  63% used [0x04420000, 0x046df230, 0x04870000)
  from space 512K,   4% used [0x04870000, 0x048752e8, 0x048f0000)
  to   space 512K,   0% used [0x048f0000, 0x048f0000, 0x04970000)
 tenured generation   total 10944K, used 4428K [0x09970000, 0x0a420000, 0x14420000)
   the space 10944K,  40% used [0x09970000, 0x09dc3320, 0x09dc3400, 0x0a420000)
 compacting perm gen  total 12288K, used 3851K [0x14420000, 0x15020000, 0x18420000)
   the space 12288K,  31% used [0x14420000, 0x147e2c98, 0x147e2e00, 0x15020000)
GC Heap History (10 events):
Event: 8.269 GC heap before
{Heap before GC invocations=1377 (full 0):
 def new generation   total 4928K, used 4432K [0x04420000, 0x04970000, 0x09970000)
  eden space 4416K, 100% used [0x04420000, 0x04870000, 0x04870000)
  from space 512K,   3% used [0x048f0000, 0x048f41e8, 0x04970000)
  to   space 512K,   0% used [0x04870000, 0x04870000, 0x048f0000)
 tenured generation   total 10944K, used 4423K [0x09970000, 0x0a420000, 0x14420000)
   the space 10944K,  40% used [0x09970000, 0x09dc1d90, 0x09dc1e00, 0x0a420000)
 compacting perm gen  total 12288K, used 3814K [0x14420000, 0x15020000, 0x18420000)
   the space 12288K,  31% used [0x14420000, 0x147d9920, 0x147d9a00, 0x15020000)
No shared spaces configured.
Event: 8.269 GC heap after
Heap after GC invocations=1378 (full 0):
 def new generation   total 4928K, used 16K [0x04420000, 0x04970000, 0x09970000)
  eden space 4416K,   0% used [0x04420000, 0x04420000, 0x04870000)
  from space 512K,   3% used [0x04870000, 0x04874318, 0x048f0000)
  to   space 512K,   0% used [0x048f0000, 0x048f0000, 0x04970000)
 tenured generation   total 10944K, used 4423K [0x09970000, 0x0a420000, 0x14420000)
   the space 10944K,  40% used [0x09970000, 0x09dc1d90, 0x09dc1e00, 0x0a420000)
 compacting perm gen  total 12288K, used 3814K [0x14420000, 0x15020000, 0x18420000)
   the space 12288K,  31% used [0x14420000, 0x147d9920, 0x147d9a00, 0x15020000)
No shared spaces configured.
}
Event: 8.275 GC heap before
{Heap before GC invocations=1378 (full 0):
 def new generation   total 4928K, used 4432K [0x04420000, 0x04970000, 0x09970000)
  eden space 4416K, 100% used [0x04420000, 0x04870000, 0x04870000)
  from space 512K,   3% used [0x04870000, 0x04874318, 0x048f0000)
  to   space 512K,   0% used [0x048f0000, 0x048f0000, 0x04970000)
 tenured generation   total 10944K, used 4423K [0x09970000, 0x0a420000, 0x14420000)
   the space 10944K,  40% used [0x09970000, 0x09dc1d90, 0x09dc1e00, 0x0a420000)
 compacting perm gen  total 12288K, used 3814K [0x14420000, 0x15020000, 0x18420000)
   the space 12288K,  31% used [0x14420000, 0x147d9920, 0x147d9a00, 0x15020000)
No shared spaces configured.
Event: 8.276 GC heap after
Heap after GC invocations=1379 (full 0):
 def new generation   total 4928K, used 15K [0x04420000, 0x04970000, 0x09970000)
  eden space 4416K,   0% used [0x04420000, 0x04420000, 0x04870000)
  from space 512K,   3% used [0x048f0000, 0x048f3fe0, 0x04970000)
  to   space 512K,   0% used [0x04870000, 0x04870000, 0x048f0000)
 tenured generation   total 10944K, used 4426K [0x09970000, 0x0a420000, 0x14420000)
   the space 10944K,  40% used [0x09970000, 0x09dc2990, 0x09dc2a00, 0x0a420000)
 compacting perm gen  total 12288K, used 3814K [0x14420000, 0x15020000, 0x18420000)
   the space 12288K,  31% used [0x14420000, 0x147d9920, 0x147d9a00, 0x15020000)
No shared spaces configured.
}
Event: 8.280 GC heap before
{Heap before GC invocations=1379 (full 0):
 def new generation   total 4928K, used 4431K [0x04420000, 0x04970000, 0x09970000)
  eden space 4416K, 100% used [0x04420000, 0x04870000, 0x04870000)
  from space 512K,   3% used [0x048f0000, 0x048f3fe0, 0x04970000)
  to   space 512K,   0% used [0x04870000, 0x04870000, 0x048f0000)
 tenured generation   total 10944K, used 4426K [0x09970000, 0x0a420000, 0x14420000)
   the space 10944K,  40% used [0x09970000, 0x09dc2990, 0x09dc2a00, 0x0a420000)
 compacting perm gen  total 12288K, used 3814K [0x14420000, 0x15020000, 0x18420000)
   the space 12288K,  31% used [0x14420000, 0x147d9920, 0x147d9a00, 0x15020000)
No shared spaces configured.
Event: 8.280 GC heap after
Heap after GC invocations=1380 (full 0):
 def new generation   total 4928K, used 16K [0x04420000, 0x04970000, 0x09970000)
  eden space 4416K,   0% used [0x04420000, 0x04420000, 0x04870000)
  from space 512K,   3% used [0x04870000, 0x04874048, 0x048f0000)
  to   space 512K,   0% used [0x048f0000, 0x048f0000, 0x04970000)
 tenured generation   total 10944K, used 4426K [0x09970000, 0x0a420000, 0x14420000)
   the space 10944K,  40% used [0x09970000, 0x09dc2990, 0x09dc2a00, 0x0a420000)
 compacting perm gen  total 12288K, used 3814K [0x14420000, 0x15020000, 0x18420000)
   the space 12288K,  31% used [0x14420000, 0x147d9920, 0x147d9a00, 0x15020000)
No shared spaces configured.
}
Event: 8.285 GC heap before
{Heap before GC invocations=1380 (full 0):
 def new generation   total 4928K, used 4432K [0x04420000, 0x04970000, 0x09970000)
  eden space 4416K, 100% used [0x04420000, 0x04870000, 0x04870000)
  from space 512K,   3% used [0x04870000, 0x04874048, 0x048f0000)
  to   space 512K,   0% used [0x048f0000, 0x048f0000, 0x04970000)
 tenured generation   total 10944K, used 4426K [0x09970000, 0x0a420000, 0x14420000)
   the space 10944K,  40% used [0x09970000, 0x09dc2990, 0x09dc2a00, 0x0a420000)
 compacting perm gen  total 12288K, used 3815K [0x14420000, 0x15020000, 0x18420000)
   the space 12288K,  31% used [0x14420000, 0x147d9de0, 0x147d9e00, 0x15020000)
No shared spaces configured.
Event: 8.286 GC heap after
Heap after GC invocations=1381 (full 0):
 def new generation   total 4928K, used 21K [0x04420000, 0x04970000, 0x09970000)
  eden space 4416K,   0% used [0x04420000, 0x04420000, 0x04870000)
  from space 512K,   4% used [0x048f0000, 0x048f54b8, 0x04970000)
  to   space 512K,   0% used [0x04870000, 0x04870000, 0x048f0000)
 tenured generation   total 10944K, used 4426K [0x09970000, 0x0a420000, 0x14420000)
   the space 10944K,  40% used [0x09970000, 0x09dc2990, 0x09dc2a00, 0x0a420000)
 compacting perm gen  total 12288K, used 3815K [0x14420000, 0x15020000, 0x18420000)
   the space 12288K,  31% used [0x14420000, 0x147d9de0, 0x147d9e00, 0x15020000)
No shared spaces configured.
}
Event: 8.291 GC heap before
{Heap before GC invocations=1381 (full 0):
 def new generation   total 4928K, used 4437K [0x04420000, 0x04970000, 0x09970000)
  eden space 4416K, 100% used [0x04420000, 0x04870000, 0x04870000)
  from space 512K,   4% used [0x048f0000, 0x048f54b8, 0x04970000)
  to   space 512K,   0% used [0x04870000, 0x04870000, 0x048f0000)
 tenured generation   total 10944K, used 4426K [0x09970000, 0x0a420000, 0x14420000)
   the space 10944K,  40% used [0x09970000, 0x09dc2990, 0x09dc2a00, 0x0a420000)
 compacting perm gen  total 12288K, used 3815K [0x14420000, 0x15020000, 0x18420000)
   the space 12288K,  31% used [0x14420000, 0x147d9de0, 0x147d9e00, 0x15020000)
No shared spaces configured.
Event: 8.292 GC heap after
Heap after GC invocations=1382 (full 0):
 def new generation   total 4928K, used 20K [0x04420000, 0x04970000, 0x09970000)
  eden space 4416K,   0% used [0x04420000, 0x04420000, 0x04870000)
  from space 512K,   4% used [0x04870000, 0x048752e8, 0x048f0000)
  to   space 512K,   0% used [0x048f0000, 0x048f0000, 0x04970000)
 tenured generation   total 10944K, used 4428K [0x09970000, 0x0a420000, 0x14420000)
   the space 10944K,  40% used [0x09970000, 0x09dc3320, 0x09dc3400, 0x0a420000)
 compacting perm gen  total 12288K, used 3815K [0x14420000, 0x15020000, 0x18420000)
   the space 12288K,  31% used [0x14420000, 0x147d9de0, 0x147d9e00, 0x15020000)
No shared spaces configured.
}

