# JRE version: 7.0_21-b11
# Java VM: Java HotSpot(TM) Client VM (23.21-b01 mixed mode windows-x86 )
Heap
 def new generation   total 4928K, used 2923K [0x04180000, 0x046d0000, 0x096d0000)
  eden space 4416K,  65% used [0x04180000, 0x04455b08, 0x045d0000)
  from space 512K,   4% used [0x045d0000, 0x045d5318, 0x04650000)
  to   space 512K,   0% used [0x04650000, 0x04650000, 0x046d0000)
 tenured generation   total 10944K, used 4438K [0x096d0000, 0x0a180000, 0x14180000)
   the space 10944K,  40% used [0x096d0000, 0x09b25850, 0x09b25a00, 0x0a180000)
 compacting perm gen  total 12288K, used 3851K [0x14180000, 0x14d80000, 0x18180000)
   the space 12288K,  31% used [0x14180000, 0x14542fa8, 0x14543000, 0x14d80000)
GC Heap History (10 events):
Event: 7.650 GC heap before
{Heap before GC invocations=1377 (full 0):
 def new generation   total 4928K, used 4432K [0x04180000, 0x046d0000, 0x096d0000)
  eden space 4416K, 100% used [0x04180000, 0x045d0000, 0x045d0000)
  from space 512K,   3% used [0x04650000, 0x04654218, 0x046d0000)
  to   space 512K,   0% used [0x045d0000, 0x045d0000, 0x04650000)
 tenured generation   total 10944K, used 4432K [0x096d0000, 0x0a180000, 0x14180000)
   the space 10944K,  40% used [0x096d0000, 0x09b242b0, 0x09b24400, 0x0a180000)
 compacting perm gen  total 12288K, used 3815K [0x14180000, 0x14d80000, 0x18180000)
   the space 12288K,  31% used [0x14180000, 0x14539cc0, 0x14539e00, 0x14d80000)
No shared spaces configured.
Event: 7.650 GC heap after
Heap after GC invocations=1378 (full 0):
 def new generation   total 4928K, used 16K [0x04180000, 0x046d0000, 0x096d0000)
  eden space 4416K,   0% used [0x04180000, 0x04180000, 0x045d0000)
  from space 512K,   3% used [0x045d0000, 0x045d4348, 0x04650000)
  to   space 512K,   0% used [0x04650000, 0x04650000, 0x046d0000)
 tenured generation   total 10944K, used 4432K [0x096d0000, 0x0a180000, 0x14180000)
   the space 10944K,  40% used [0x096d0000, 0x09b242b0, 0x09b24400, 0x0a180000)
 compacting perm gen  total 12288K, used 3815K [0x14180000, 0x14d80000, 0x18180000)
   the space 12288K,  31% used [0x14180000, 0x14539cc0, 0x14539e00, 0x14d80000)
No shared spaces configured.
}
Event: 7.654 GC heap before
{Heap before GC invocations=1378 (full 0):
 def new generation   total 4928K, used 4432K [0x04180000, 0x046d0000, 0x096d0000)
  eden space 4416K, 100% used [0x04180000, 0x045d0000, 0x045d0000)
  from space 512K,   3% used [0x045d0000, 0x045d4348, 0x04650000)
  to   space 512K,   0% used [0x04650000, 0x04650000, 0x046d0000)
 tenured generation   total 10944K, used 4432K [0x096d0000, 0x0a180000, 0x14180000)
   the space 10944K,  40% used [0x096d0000, 0x09b242b0, 0x09b24400, 0x0a180000)
 compacting perm gen  total 12288K, used 3815K [0x14180000, 0x14d80000, 0x18180000)
   the space 12288K,  31% used [0x14180000, 0x14539cc0, 0x14539e00, 0x14d80000)
No shared spaces configured.
Event: 7.655 GC heap after
Heap after GC invocations=1379 (full 0):
 def new generation   total 4928K, used 16K [0x04180000, 0x046d0000, 0x096d0000)
  eden space 4416K,   0% used [0x04180000, 0x04180000, 0x045d0000)
  from space 512K,   3% used [0x04650000, 0x04654010, 0x046d0000)
  to   space 512K,   0% used [0x045d0000, 0x045d0000, 0x04650000)
 tenured generation   total 10944K, used 4435K [0x096d0000, 0x0a180000, 0x14180000)
   the space 10944K,  40% used [0x096d0000, 0x09b24eb8, 0x09b25000, 0x0a180000)
 compacting perm gen  total 12288K, used 3815K [0x14180000, 0x14d80000, 0x18180000)
   the space 12288K,  31% used [0x14180000, 0x14539cc0, 0x14539e00, 0x14d80000)
No shared spaces configured.
}
Event: 7.658 GC heap before
{Heap before GC invocations=1379 (full 0):
 def new generation   total 4928K, used 4432K [0x04180000, 0x046d0000, 0x096d0000)
  eden space 4416K, 100% used [0x04180000, 0x045d0000, 0x045d0000)
  from space 512K,   3% used [0x04650000, 0x04654010, 0x046d0000)
  to   space 512K,   0% used [0x045d0000, 0x045d0000, 0x04650000)
 tenured generation   total 10944K, used 4435K [0x096d0000, 0x0a180000, 0x14180000)
   the space 10944K,  40% used [0x096d0000, 0x09b24eb8, 0x09b25000, 0x0a180000)
 compacting perm gen  total 12288K, used 3815K [0x14180000, 0x14d80000, 0x18180000)
   the space 12288K,  31% used [0x14180000, 0x14539cc0, 0x14539e00, 0x14d80000)
No shared spaces configured.
Event: 7.659 GC heap after
Heap after GC invocations=1380 (full 0):
 def new generation   total 4928K, used 16K [0x04180000, 0x046d0000, 0x096d0000)
  eden space 4416K,   0% used [0x04180000, 0x04180000, 0x045d0000)
  from space 512K,   3% used [0x045d0000, 0x045d4078, 0x04650000)
  to   space 512K,   0% used [0x04650000, 0x04650000, 0x046d0000)
 tenured generation   total 10944K, used 4435K [0x096d0000, 0x0a180000, 0x14180000)
   the space 10944K,  40% used [0x096d0000, 0x09b24eb8, 0x09b25000, 0x0a180000)
 compacting perm gen  total 12288K, used 3815K [0x14180000, 0x14d80000, 0x18180000)
   the space 12288K,  31% used [0x14180000, 0x14539cc0, 0x14539e00, 0x14d80000)
No shared spaces configured.
}
Event: 7.666 GC heap before
{Heap before GC invocations=1380 (full 0):
 def new generation   total 4928K, used 4432K [0x04180000, 0x046d0000, 0x096d0000)
  eden space 4416K, 100% used [0x04180000, 0x045d0000, 0x045d0000)
  from space 512K,   3% used [0x045d0000, 0x045d4078, 0x04650000)
  to   space 512K,   0% used [0x04650000, 0x04650000, 0x046d0000)
 tenured generation   total 10944K, used 4435K [0x096d0000, 0x0a180000, 0x14180000)
   the space 10944K,  40% used [0x096d0000, 0x09b24eb8, 0x09b25000, 0x0a180000)
 compacting perm gen  total 12288K, used 3816K [0x14180000, 0x14d80000, 0x18180000)
   the space 12288K,  31% used [0x14180000, 0x1453a180, 0x1453a200, 0x14d80000)
No shared spaces configured.
Event: 7.667 GC heap after
Heap after GC invocations=1381 (full 0):
 def new generation   total 4928K, used 21K [0x04180000, 0x046d0000, 0x096d0000)
  eden space 4416K,   0% used [0x04180000, 0x04180000, 0x045d0000)
  from space 512K,   4% used [0x04650000, 0x046554f0, 0x046d0000)
  to   space 512K,   0% used [0x045d0000, 0x045d0000, 0x04650000)
 tenured generation   total 10944K, used 4435K [0x096d0000, 0x0a180000, 0x14180000)
   the space 10944K,  40% used [0x096d0000, 0x09b24eb8, 0x09b25000, 0x0a180000)
 compacting perm gen  total 12288K, used 3816K [0x14180000, 0x14d80000, 0x18180000)
   the space 12288K,  31% used [0x14180000, 0x1453a180, 0x1453a200, 0x14d80000)
No shared spaces configured.
}
Event: 7.672 GC heap before
{Heap before GC invocations=1381 (full 0):
 def new generation   total 4928K, used 4437K [0x04180000, 0x046d0000, 0x096d0000)
  eden space 4416K, 100% used [0x04180000, 0x045d0000, 0x045d0000)
  from space 512K,   4% used [0x04650000, 0x046554f0, 0x046d0000)
  to   space 512K,   0% used [0x045d0000, 0x045d0000, 0x04650000)
 tenured generation   total 10944K, used 4435K [0x096d0000, 0x0a180000, 0x14180000)
   the space 10944K,  40% used [0x096d0000, 0x09b24eb8, 0x09b25000, 0x0a180000)
 compacting perm gen  total 12288K, used 3816K [0x14180000, 0x14d80000, 0x18180000)
   the space 12288K,  31% used [0x14180000, 0x1453a180, 0x1453a200, 0x14d80000)
No shared spaces configured.
Event: 7.673 GC heap after
Heap after GC invocations=1382 (full 0):
 def new generation   total 4928K, used 20K [0x04180000, 0x046d0000, 0x096d0000)
  eden space 4416K,   0% used [0x04180000, 0x04180000, 0x045d0000)
  from space 512K,   4% used [0x045d0000, 0x045d5318, 0x04650000)
  to   space 512K,   0% used [0x04650000, 0x04650000, 0x046d0000)
 tenured generation   total 10944K, used 4438K [0x096d0000, 0x0a180000, 0x14180000)
   the space 10944K,  40% used [0x096d0000, 0x09b25850, 0x09b25a00, 0x0a180000)
 compacting perm gen  total 12288K, used 3816K [0x14180000, 0x14d80000, 0x18180000)
   the space 12288K,  31% used [0x14180000, 0x1453a180, 0x1453a200, 0x14d80000)
No shared spaces configured.
}

